<?xml version="1.0" encoding="UTF-8"?>
<!-- Generated by org.testng.reporters.JUnitReportReporter -->
<testsuite hostname="DESKTOP-QS2KO3R" failures="0" tests="1" name="demo.com.new_demo_maven" time="3.715" errors="0" timestamp="2025-01-29T17:03:11 IST" skipped="0">
  <testcase classname="demo.com.new_demo_maven" name="pagetest" time="3.715"/>
</testsuite> <!-- demo.com.new_demo_maven -->
